make: *** No rule to make target 'all'.  Stop.

# GNU Make 4.2.1
# Built for x86_64-pc-linux-gnu
# Copyright (C) 1988-2016 Free Software Foundation, Inc.
# License GPLv3+: GNU GPL version 3 or later <http://gnu.org/licenses/gpl.html>
# This is free software: you are free to change and redistribute it.
# There is NO WARRANTY, to the extent permitted by law.

# Make data base, printed on Thu Jul 28 08:14:20 2022

# Variables

# environment
PULSE_SINK = chrome_remote_desktop_session
# automatic
<D = $(patsubst %/,%,$(dir $<))
# automatic
?F = $(notdir $?)
# environment
DESKTOP_SESSION = xfce
# default
.SHELLFLAGS := -c
# makefile (from 'Makefile', line 12)
OBJ = $(patsubst %,$(OBJ_DIR)/%,$(_OBJ))
# environment
XDG_SESSION_CLASS = user
# environment
XDG_SESSION_TYPE = x11
# environment
TARGET = i386-elf
# automatic
?D = $(patsubst %/,%,$(dir $?))
# automatic
@D = $(patsubst %/,%,$(dir $@))
# environment
XAUTHORITY = /home/anantraina/.Xauthority
# automatic
@F = $(notdir $@)
# makefile
CURDIR := /home/anantraina/battleship
# makefile
SHELL = /bin/sh
# environment
VSCODE_NLS_CONFIG = {"locale":"en-us","availableLanguages":{},"_languagePackSupport":true}
# environment
_ = /usr/share/code/code
# makefile (from 'Makefile', line 4)
CFLAGS = -I$(INCLUDE_DIR)
# environment
XDG_CONFIG_DIRS = /etc/xdg/xdg-xfce:/etc/xdg
# makefile (from 'Makefile', line 1)
MAKEFILE_LIST :=  Makefile
# 'override' directive
GNUMAKEFLAGS := 
# makefile (from 'Makefile', line 6)
OBJ_DIR = ./obj
# environment
XDG_DATA_DIRS = /usr/share/xfce4:/usr/local/share:/usr/share:/var/lib/snapd/desktop:/usr/share
# environment
DBUS_SESSION_BUS_ADDRESS = unix:abstract=/tmp/dbus-NvEX9qZIqK,guid=77975acb7b2b8dcf67d4a1da62e1f696
# environment
LESSOPEN = | /usr/bin/lesspipe %s
# environment
VSCODE_CWD = /home/anantraina
# default
MAKE_HOST := x86_64-pc-linux-gnu
# environment
PATH = /usr/local/i386elfgcc/bin:/usr/local/sbin:/usr/local/bin:/usr/sbin:/usr/bin:/sbin:/bin:/usr/games:/usr/local/games:/snap/bin
# makefile (from 'Makefile', line 8)
_HEADERS = morse_interpreter.h
# environment
SESSION_MANAGER = local/DESKTOP-F84QVLB:@/tmp/.ICE-unix/744,unix/DESKTOP-F84QVLB:/tmp/.ICE-unix/744
# makefile (from 'Makefile', line 2)
INCLUDE_DIR = ./include
# environment
XDG_MENU_PREFIX = xfce-
# environment
ELECTRON_RUN_AS_NODE = 1
# default
.FEATURES := target-specific order-only second-expansion else-if shortest-stem undefine oneshell archives jobserver output-sync check-symlink load
# environment
LS_COLORS = 
# environment
SSH_AUTH_SOCK = /tmp/ssh-SPSwmoYL4ZB7/agent.976
# automatic
%F = $(notdir $%)
# environment
DISPLAY = 172.30.160.1:0
# environment
CHROME_CONFIG_HOME = /home/anantraina/.config/chrome-remote-desktop/chrome-config
# environment
PWD = /home/anantraina/battleship
# default
.LOADED := 
# environment
SSH_AGENT_PID = 977
# environment
ORIGINAL_XDG_CURRENT_DESKTOP = XFCE
# environment
VSCODE_AMD_ENTRYPOINT = vs/workbench/api/node/extensionHostProcess
# environment
HOME = /home/anantraina
# environment
LD_LIBRARY_PATH = /usr/lib/mesa-diverted/x86_64-linux-gnu:/usr/lib/x86_64-linux-gnu/mesa:/usr/lib/x86_64-linux-gnu/dri:/usr/lib/x86_64-linux-gnu/gallium-pipe
# environment
LESSCLOSE = /usr/bin/lesspipe %s %s
# environment
VSCODE_CODE_CACHE_PATH = /home/anantraina/.config/Code/CachedData/3b889b090b5ad5793f524b5d1d39fda662b96a2a
# environment
LOGNAME = anantraina
# environment
APPLICATION_INSIGHTS_NO_DIAGNOSTIC_CHANNEL = true
# makefile (from 'Makefile', line 9)
HEADERS = $(patsubst %,$(INCLUDE_DIR)/%,$(_HEADERS))
# environment
PREFIX = /usr/local/i386elfgcc
# environment
VSCODE_HANDLES_UNCAUGHT_ERRORS = true
# automatic
^D = $(patsubst %/,%,$(dir $^))
# environment
MAKELEVEL := 0
# default
MAKE = $(MAKE_COMMAND)
# default
MAKECMDGOALS := all
# environment
SHLVL = 0
# environment
PULSE_RUNTIME_PATH = /home/anantraina/.config/chrome-remote-desktop/pulseaudio#94f3ac7f06
# makefile (from 'Makefile', line 3)
CC = gcc
# makefile (from 'Makefile', line 1)
EXEC = ./exec
# default
MAKE_VERSION := 4.2.1
# environment
USER = anantraina
# makefile
.DEFAULT_GOAL := exec/battleship
# environment
XDG_CURRENT_DESKTOP = XFCE
# automatic
%D = $(patsubst %/,%,$(dir $%))
# default
MAKE_COMMAND := make
# default
.VARIABLES := 
# automatic
*F = $(notdir $*)
# environment
VSCODE_IPC_HOOK = /home/anantraina/.config/Code/1.69.2-main.sock
# environment
PANEL_GDK_CORE_DEVICE_EVENTS = 0
# makefile
MAKEFLAGS = pqrR
# environment
MFLAGS = -pqrR
# automatic
*D = $(patsubst %/,%,$(dir $*))
# environment
CHROME_REMOTE_DESKTOP_SESSION = 1
# automatic
+D = $(patsubst %/,%,$(dir $+))
# environment
GDK_BACKEND = x11
# automatic
+F = $(notdir $+)
# environment
PULSE_CONFIG_PATH = /home/anantraina/.config/chrome-remote-desktop/pulseaudio#94f3ac7f06
# environment
QT_ACCESSIBILITY = 1
# default
MAKEFILES := 
# automatic
<F = $(notdir $<)
# environment
LC_ALL = C
# environment
PULSE_STATE_PATH = /home/anantraina/.config/chrome-remote-desktop/pulseaudio#94f3ac7f06
# automatic
^F = $(notdir $^)
# makefile (from 'Makefile', line 11)
_OBJ = main.o morse_interpreter.o
# default
SUFFIXES := 
# environment
CHROME_DESKTOP = code-url-handler.desktop
# default
.INCLUDE_DIRS = /usr/include /usr/local/include /usr/include
# default
.RECIPEPREFIX := 
# environment
LANG = C
# environment
VSCODE_PID = 1374
# variable set hash-table stats:
# Load=92/1024=9%, Rehash=0, Collisions=8/125=6%

# Pattern-specific Variable Values

# No pattern-specific variable values.

# Directories

# . (device 2064, inode 63243): 8 files, no impossibilities.
# src (device 2064, inode 63247): No files, no impossibilities so far.

# 8 files, no impossibilities in 2 directories.

# Implicit Rules

obj/%.o: src/%.c include/morse_interpreter.h
#  recipe to execute (from 'Makefile', line 15):
	$(CC) -c -o $@ $< $(CFLAGS)

# 1 implicit rules, 0 (0.0%) terminal.

# Files

# Not a target:
all:
#  Command line target.
#  Implicit rule search has been done.
#  File does not exist.
#  File has not been updated.

.PHONY: clean
#  Implicit rule search has not been done.
#  Modification time never checked.
#  File has not been updated.

# Not a target:
obj/main.o:
#  Implicit rule search has not been done.
#  Modification time never checked.
#  File has not been updated.

# Not a target:
Makefile:
#  Implicit rule search has been done.
#  Last modified 2022-07-28 06:23:16.181924149
#  File has been updated.
#  Successfully updated.

# Not a target:
obj/morse_interpreter.o:
#  Implicit rule search has not been done.
#  Modification time never checked.
#  File has not been updated.

# Not a target:
.DEFAULT:
#  Implicit rule search has not been done.
#  Modification time never checked.
#  File has not been updated.

fresh: clean cleanexec
#  Implicit rule search has not been done.
#  Modification time never checked.
#  File has not been updated.

exec/battleship: obj/main.o obj/morse_interpreter.o
#  Implicit rule search has not been done.
#  Modification time never checked.
#  File has not been updated.
#  recipe to execute (from 'Makefile', line 18):
	$(CC) -o $@ $^ $(CFLAGS)

clean:
#  Phony target (prerequisite of .PHONY).
#  Implicit rule search has not been done.
#  File does not exist.
#  File has not been updated.
#  recipe to execute (from 'Makefile', line 23):
	rm -rf $(OBJ_DIR)/*.o

cleanexec:
#  Implicit rule search has not been done.
#  Modification time never checked.
#  File has not been updated.
 
#  recipe to execute (from 'Makefile', line 26):
	rm -rf $(EXEC)/battleship

# files hash-table stats:
# Load=11/1024=1%, Rehash=0, Collisions=0/27=0%
# VPATH Search Paths

# No 'vpath' search paths.

# No general ('VPATH' variable) search path.

# strcache buffers: 1 (0) / strings = 23 / storage = 222 B / avg = 9 B
# current buf: size = 8162 B / used = 222 B / count = 23 / avg = 9 B

# strcache performance: lookups = 36 / hit rate = 36%
# hash-table stats:
# Load=23/8192=0%, Rehash=0, Collisions=1/36=3%
# Finished Make data base on Thu Jul 28 08:14:20 2022

 
